<?xml version="1.0" encoding="UTF-8"?>
<!-- Generated by org.testng.reporters.JUnitReportReporter -->
<testsuite hostname="DESKTOP-2D33SFM" failures="0" tests="6" name="LoginTestCases.LoginTest" time="9.796" errors="0" timestamp="2024-08-03T09:27:55 IST" skipped="0">
  <testcase classname="LoginTestCases.LoginTest" name="loginTests" time="1.639"/>
  <testcase classname="LoginTestCases.LoginTest" name="loginTests" time="1.769"/>
  <testcase classname="LoginTestCases.LoginTest" name="loginTests" time="1.510"/>
  <testcase classname="LoginTestCases.LoginTest" name="loginTests" time="1.556"/>
  <testcase classname="LoginTestCases.LoginTest" name="loginTests" time="1.548"/>
  <testcase classname="LoginTestCases.LoginTest" name="loginTests" time="1.774"/>
</testsuite> <!-- LoginTestCases.LoginTest -->
